<?xml version="1.0" encoding="UTF-8"?>
<testng-results ignored="7" total="8" passed="0" failed="1" skipped="0">
  <reporter-output>
  </reporter-output>
  <suite started-at="2023-11-19T23:16:28 EST" name="Default suite" finished-at="2023-11-19T23:16:32 EST" duration-ms="3883">
    <groups>
    </groups>
    <test started-at="2023-11-19T23:16:28 EST" name="Default test" finished-at="2023-11-19T23:16:32 EST" duration-ms="3883">
      <class name="simulations.SimulationsTest">
        <test-method is-config="true" signature="beforeAllTests()[pri:0, instance:simulations.SimulationsTest@4b520ea8]" started-at="2023-11-19T23:16:28 EST" name="beforeAllTests" finished-at="2023-11-19T23:16:29 EST" duration-ms="837" status="PASS">
          <reporter-output>
          </reporter-output>
        </test-method> <!-- beforeAllTests -->
        <test-method signature="updateExisttingSimulation()[pri:0, instance:simulations.SimulationsTest@4b520ea8]" started-at="2023-11-19T23:16:29 EST" name="updateExisttingSimulation" finished-at="2023-11-19T23:16:32 EST" duration-ms="2858" status="FAIL">
          <exception class="java.lang.RuntimeException">
            <message>
              <![CDATA[com.fasterxml.jackson.databind.exc.UnrecognizedPropertyException: Unrecognized field "id" (class dataFactory.SimulationDataFactory), not marked as ignorable (0 known properties: ])
 at [Source: (String)"{"id":3,"name":"Chanda Green Walker","cpf":"788.608.221-49","email":"carlota.streich@gmail.com","amount":16948,"installments":33,"insurance":true}"; line: 1, column: 8] (through reference chain: dataFactory.SimulationDataFactory["id"])]]>
            </message>
            <full-stacktrace>
              <![CDATA[java.lang.RuntimeException: com.fasterxml.jackson.databind.exc.UnrecognizedPropertyException: Unrecognized field "id" (class dataFactory.SimulationDataFactory), not marked as ignorable (0 known properties: ])
 at [Source: (String)"{"id":3,"name":"Chanda Green Walker","cpf":"788.608.221-49","email":"carlota.streich@gmail.com","amount":16948,"installments":33,"insurance":true}"; line: 1, column: 8] (through reference chain: dataFactory.SimulationDataFactory["id"])
at io.restassured.internal.path.json.mapping.JsonPathJackson2ObjectDeserializer.deserialize(JsonPathJackson2ObjectDeserializer.java:30)
at io.restassured.path.json.mapping.JsonPathObjectDeserializer$deserialize.call(Unknown Source)
at io.restassured.internal.mapping.Jackson2Mapper.deserialize(Jackson2Mapper.groovy:58)
at io.restassured.mapper.ObjectMapper$deserialize.call(Unknown Source)
at io.restassured.internal.mapping.ObjectMapping.parseWithJackson2(ObjectMapping.groovy:254)
at io.restassured.internal.mapping.ObjectMapping$parseWithJackson2$0.callStatic(Unknown Source)
at io.restassured.internal.mapping.ObjectMapping.deserialize(ObjectMapping.groovy:56)
at io.restassured.internal.mapping.ObjectMapping$deserialize.call(Unknown Source)
at io.restassured.internal.RestAssuredResponseOptionsGroovyImpl.as(RestAssuredResponseOptionsGroovyImpl.groovy:229)
at io.restassured.internal.RestAssuredResponseOptionsImpl.as(RestAssuredResponseOptionsImpl.java:169)
at simulations.SimulationsTest.updateExisttingSimulation(SimulationsTest.java:172)
at java.base/jdk.internal.reflect.DirectMethodHandleAccessor.invoke(DirectMethodHandleAccessor.java:104)
at java.base/java.lang.reflect.Method.invoke(Method.java:578)
at org.testng.internal.invokers.MethodInvocationHelper.invokeMethod(MethodInvocationHelper.java:139)
at org.testng.internal.invokers.TestInvoker.invokeMethod(TestInvoker.java:677)
at org.testng.internal.invokers.TestInvoker.invokeTestMethod(TestInvoker.java:221)
at org.testng.internal.invokers.MethodRunner.runInSequence(MethodRunner.java:50)
at org.testng.internal.invokers.TestInvoker$MethodInvocationAgent.invoke(TestInvoker.java:962)
at org.testng.internal.invokers.TestInvoker.invokeTestMethods(TestInvoker.java:194)
at org.testng.internal.invokers.TestMethodWorker.invokeTestMethods(TestMethodWorker.java:148)
at org.testng.internal.invokers.TestMethodWorker.run(TestMethodWorker.java:128)
at java.base/java.util.ArrayList.forEach(ArrayList.java:1511)
at org.testng.TestRunner.privateRun(TestRunner.java:806)
at org.testng.TestRunner.run(TestRunner.java:601)
at org.testng.SuiteRunner.runTest(SuiteRunner.java:433)
at org.testng.SuiteRunner.runSequentially(SuiteRunner.java:427)
at org.testng.SuiteRunner.privateRun(SuiteRunner.java:387)
at org.testng.SuiteRunner.run(SuiteRunner.java:330)
at org.testng.SuiteRunnerWorker.runSuite(SuiteRunnerWorker.java:52)
at org.testng.SuiteRunnerWorker.run(SuiteRunnerWorker.java:95)
at org.testng.TestNG.runSuitesSequentially(TestNG.java:1256)
at org.testng.TestNG.runSuitesLocally(TestNG.java:1176)
at org.testng.TestNG.runSuites(TestNG.java:1099)
at org.testng.TestNG.run(TestNG.java:1067)
at org.testng.remote.AbstractRemoteTestNG.run(AbstractRemoteTestNG.java:115)
at org.testng.remote.RemoteTestNG.initAndRun(RemoteTestNG.java:251)
at org.testng.remote.RemoteTestNG.main(RemoteTestNG.java:77)
Caused by: com.fasterxml.jackson.databind.exc.UnrecognizedPropertyException: Unrecognized field "id" (class dataFactory.SimulationDataFactory), not marked as ignorable (0 known properties: ])
 at [Source: (String)"{"id":3,"name":"Chanda Green Walker","cpf":"788.608.221-49","email":"carlota.streich@gmail.com","amount":16948,"installments":33,"insurance":true}"; line: 1, column: 8] (through reference chain: dataFactory.SimulationDataFactory["id"])
at com.fasterxml.jackson.databind.exc.UnrecognizedPropertyException.from(UnrecognizedPropertyException.java:61)
at com.fasterxml.jackson.databind.DeserializationContext.handleUnknownProperty(DeserializationContext.java:1138)
at com.fasterxml.jackson.databind.deser.std.StdDeserializer.handleUnknownProperty(StdDeserializer.java:2224)
at com.fasterxml.jackson.databind.deser.BeanDeserializerBase.handleUnknownProperty(BeanDeserializerBase.java:1709)
at com.fasterxml.jackson.databind.deser.BeanDeserializerBase.handleUnknownVanilla(BeanDeserializerBase.java:1687)
at com.fasterxml.jackson.databind.deser.BeanDeserializer.vanillaDeserialize(BeanDeserializer.java:320)
at com.fasterxml.jackson.databind.deser.BeanDeserializer.deserialize(BeanDeserializer.java:177)
at com.fasterxml.jackson.databind.deser.DefaultDeserializationContext.readRootValue(DefaultDeserializationContext.java:323)
at com.fasterxml.jackson.databind.ObjectMapper._readMapAndClose(ObjectMapper.java:4825)
at com.fasterxml.jackson.databind.ObjectMapper.readValue(ObjectMapper.java:3772)
at io.restassured.internal.path.json.mapping.JsonPathJackson2ObjectDeserializer.deserialize(JsonPathJackson2ObjectDeserializer.java:28)
... 36 more
]]>
            </full-stacktrace>
          </exception> <!-- java.lang.RuntimeException -->
          <reporter-output>
          </reporter-output>
        </test-method> <!-- updateExisttingSimulation -->
      </class> <!-- simulations.SimulationsTest -->
    </test> <!-- Default test -->
  </suite> <!-- Default suite -->
</testng-results>
